<6>INFO  : 
Transferred:   	          0 / 0 Byte, -, 0 Byte/s, ETA -
Elapsed time:         2.4s

<6>INFO  : 
Transferred:   	          0 / 0 Byte, -, 0 Byte/s, ETA -
Elapsed time:         3.4s

<6>INFO  : 
Transferred:   	          0 / 0 Byte, -, 0 Byte/s, ETA -
Checks:                 4 / 4, 100%
Elapsed time:         4.4s

<6>INFO  : 
Transferred:   	          0 / 0 Byte, -, 0 Byte/s, ETA -
Checks:                 4 / 4, 100%
Elapsed time:         5.4s

<6>INFO  : 
Transferred:   	          0 / 0 Byte, -, 0 Byte/s, ETA -
Checks:                 4 / 4, 100%
Elapsed time:         6.4s

<6>INFO  : 
Transferred:   	          0 / 0 Byte, -, 0 Byte/s, ETA -
Checks:                 4 / 4, 100%
Elapsed time:         7.4s

<6>INFO  : 
Transferred:   	          0 / 0 Byte, -, 0 Byte/s, ETA -
Checks:                 4 / 4, 100%
Elapsed time:         8.4s

<6>INFO  : 
Transferred:   	          0 / 0 Byte, -, 0 Byte/s, ETA -
Checks:                 4 / 4, 100%
Elapsed time:         9.4s

<6>INFO  : 
Transferred:   	          0 / 0 Byte, -, 0 Byte/s, ETA -
Checks:                 4 / 4, 100%
Elapsed time:        10.4s

<6>INFO  : 
Transferred:   	          0 / 0 Byte, -, 0 Byte/s, ETA -
Checks:                 4 / 4, 100%
Elapsed time:        11.4s

<6>INFO  : 
Transferred:   	          0 / 0 Byte, -, 0 Byte/s, ETA -
Checks:                 4 / 4, 100%
Elapsed time:        12.4s

<6>INFO  : 
Transferred:   	          0 / 0 Byte, -, 0 Byte/s, ETA -
Checks:                 4 / 4, 100%
Elapsed time:        13.4s

<6>INFO  : 
Transferred:   	          0 / 0 Byte, -, 0 Byte/s, ETA -
Checks:                 5 / 5, 100%
Elapsed time:        14.4s

<6>INFO  : 
Transferred:   	          0 / 0 Byte, -, 0 Byte/s, ETA -
Checks:                 5 / 5, 100%
Elapsed time:        15.4s

<6>INFO  : 
Transferred:   	          0 / 0 Byte, -, 0 Byte/s, ETA -
Checks:                 5 / 5, 100%
Elapsed time:        16.4s

<6>INFO  : 
Transferred:   	          0 / 0 Byte, -, 0 Byte/s, ETA -
Checks:                 5 / 5, 100%
Elapsed time:        17.4s

<6>INFO  : There was nothing to transfer
<6>INFO  : 
Transferred:   	          0 / 0 Byte, -, 0 Byte/s, ETA -
Checks:                11 / 11, 100%
Elapsed time:        18.3s

